Base path: 'C:/Program Files/Unity/Hub/Editor/2019.2.1f1/Editor/Data', plugins path 'C:/Program Files/Unity/Hub/Editor/2019.2.1f1/Editor/Data/PlaybackEngines'
Cmd: initializeCompiler
Cmd: compileComputeKernel
  api=4 insize=18610 outsize=4952 ok=1
Cmd: compileComputeKernel
  api=4 insize=15603 outsize=95757 ok=1
Cmd: compileComputeKernel
  api=4 insize=15603 outsize=22333 ok=1
Cmd: compileComputeKernel
  api=4 insize=15603 outsize=46175 ok=1
Cmd: compileComputeKernel
  api=4 insize=15603 outsize=55246 ok=1
Cmd: compileComputeKernel
  api=4 insize=15603 outsize=36140 ok=1
Cmd: compileComputeKernel
  api=4 insize=15603 outsize=42889 ok=1
Cmd: compileComputeKernel
  api=4 insize=15603 outsize=55492 ok=1
Cmd: compileComputeKernel
  api=4 insize=15603 outsize=35776 ok=1
Cmd: compileComputeKernel
  api=4 insize=15603 outsize=65731 ok=1
Cmd: compileComputeKernel
  api=4 insize=15603 outsize=31444 ok=1
Cmd: compileComputeKernel
  api=4 insize=15603 outsize=65847 ok=1
Cmd: compileComputeKernel
  api=4 insize=15603 outsize=50933 ok=1
Cmd: compileComputeKernel
  api=4 insize=15603 outsize=37641 ok=1
Cmd: compileComputeKernel
  api=4 insize=15603 outsize=34753 ok=1
Cmd: compileComputeKernel
  api=4 insize=15603 outsize=77296 ok=1
Cmd: compileComputeKernel
  api=4 insize=25750 outsize=15415 ok=1
Cmd: compileComputeKernel
  api=4 insize=25750 outsize=15619 ok=1
Cmd: compileComputeKernel
  api=4 insize=3797 outsize=1744 ok=1
Cmd: compileComputeKernel
  api=4 insize=5767 outsize=6007 ok=1
Cmd: compileComputeKernel
  api=4 insize=1042 outsize=3163 ok=1
Cmd: compileComputeKernel
  api=4 insize=3687 outsize=3172 ok=1
Cmd: compileComputeKernel
  api=4 insize=1326 outsize=678 ok=1
Cmd: compileComputeKernel
  api=4 insize=975 outsize=888 ok=1
Cmd: compileComputeKernel
  api=4 insize=9347 outsize=7435 ok=1
Cmd: compileComputeKernel
  api=4 insize=9347 outsize=7442 ok=1
Cmd: compileComputeKernel
  api=4 insize=9461 outsize=3350 ok=1
Cmd: compileComputeKernel
  api=4 insize=4025 outsize=5279 ok=1
Cmd: compileComputeKernel
  api=4 insize=4918 outsize=2417 ok=1
Cmd: compileComputeKernel
  api=4 insize=11912 outsize=953 ok=1
Cmd: compileComputeKernel
  api=4 insize=7423 outsize=1322 ok=1
Cmd: compileComputeKernel
  api=4 insize=7423 outsize=1261 ok=1
Cmd: compileComputeKernel
  api=4 insize=13624 outsize=2094 ok=1
Cmd: compileComputeKernel
  api=4 insize=13624 outsize=2204 ok=1
Cmd: compileComputeKernel
  api=4 insize=21554 outsize=14612 ok=1
Cmd: compileComputeKernel
  api=4 insize=21554 outsize=15798 ok=1
Cmd: compileComputeKernel
  api=4 insize=8644 outsize=660 ok=1
Cmd: compileComputeKernel
  api=4 insize=8644 outsize=4857 ok=1
Cmd: compileComputeKernel
  api=4 insize=3022 outsize=2047 ok=1
Cmd: compileComputeKernel
  api=4 insize=7918 outsize=1857 ok=1
Cmd: compileComputeKernel
  api=4 insize=20668 outsize=95091 ok=1
Cmd: compileComputeKernel
  api=4 insize=36515 outsize=31493 ok=1
Cmd: compileComputeKernel
  api=4 insize=36515 outsize=32909 ok=1
Cmd: compileComputeKernel
  api=4 insize=36515 outsize=31493 ok=1
Cmd: compileComputeKernel
  api=4 insize=36515 outsize=32909 ok=1
Cmd: compileComputeKernel
  api=4 insize=17606 outsize=8154 ok=1
Cmd: compileComputeKernel
  api=4 insize=5065 outsize=1297 ok=1
Cmd: compileComputeKernel
  api=4 insize=5065 outsize=1174 ok=1
Cmd: compileComputeKernel
  api=4 insize=5065 outsize=695 ok=1
Cmd: compileComputeKernel
  api=4 insize=5065 outsize=899 ok=1
Cmd: compileComputeKernel
  api=4 insize=5065 outsize=898 ok=1
Cmd: compileComputeKernel
  api=4 insize=8970 outsize=244 ok=1
Cmd: compileComputeKernel
  api=4 insize=8970 outsize=4890 ok=1
Cmd: compileComputeKernel
  api=4 insize=3043 outsize=551 ok=1
Cmd: compileComputeKernel
  api=4 insize=9814 outsize=3581 ok=1
Cmd: compileComputeKernel
  api=4 insize=7700 outsize=4491 ok=1
Cmd: compileComputeKernel
  api=4 insize=7700 outsize=7862 ok=1
Cmd: compileComputeKernel
  api=4 insize=3918 outsize=3422 ok=1
Cmd: compileComputeKernel
  api=4 insize=3654 outsize=1426 ok=1
Cmd: compileComputeKernel
  api=4 insize=17632 outsize=638 ok=1
Cmd: compileComputeKernel
  api=4 insize=17632 outsize=5562 ok=1
Cmd: compileComputeKernel
  api=4 insize=5725 outsize=5009 ok=1
Cmd: compileComputeKernel
  api=4 insize=3844 outsize=4285 ok=1
Cmd: compileComputeKernel
  api=4 insize=2510 outsize=756 ok=1
Cmd: compileComputeKernel
  api=4 insize=19711 outsize=14761 ok=1
Cmd: compileSnippet
  api=4 type=1 insize=6670 outsize=142 kw=_NORMALMAP_TANGENT_SPACE _NORMALMAP _MASKMAP pd=UNITY_ENABLE_REFLECTION_BUFFERS UNITY_USE_DITHER_MASK_FOR_ALPHABLENDED_SHADOWS UNITY_PBS_USE_BRDF1 UNITY_SPECCUBE_BOX_PROJECTION UNITY_SPECCUBE_BLENDING UNITY_ENABLE_DETAIL_NORMALMAP SHADER_API_DESKTOP UNITY_LIGHT_PROBE_PROXY_VOLUME UNITY_LIGHTMAP_FULL_HDR ok=1
Cmd: compileSnippet
  api=4 type=1 insize=6670 outsize=142 kw=_NORMALMAP_TANGENT_SPACE pd=UNITY_ENABLE_REFLECTION_BUFFERS UNITY_USE_DITHER_MASK_FOR_ALPHABLENDED_SHADOWS UNITY_PBS_USE_BRDF1 UNITY_SPECCUBE_BOX_PROJECTION UNITY_SPECCUBE_BLENDING UNITY_ENABLE_DETAIL_NORMALMAP SHADER_API_DESKTOP UNITY_LIGHT_PROBE_PROXY_VOLUME UNITY_LIGHTMAP_FULL_HDR ok=1
Cmd: compileSnippet
  api=4 type=0 insize=5851 outsize=502 kw=DITHER APPLY_AFTER_POST pd=UNITY_ENABLE_REFLECTION_BUFFERS UNITY_USE_DITHER_MASK_FOR_ALPHABLENDED_SHADOWS UNITY_PBS_USE_BRDF1 UNITY_SPECCUBE_BOX_PROJECTION UNITY_SPECCUBE_BLENDING UNITY_ENABLE_DETAIL_NORMALMAP SHADER_API_DESKTOP UNITY_LIGHT_PROBE_PROXY_VOLUME UNITY_LIGHTMAP_FULL_HDR ok=1
Cmd: compileSnippet
  api=4 type=1 insize=5851 outsize=1914 kw=DITHER APPLY_AFTER_POST pd=UNITY_ENABLE_REFLECTION_BUFFERS UNITY_USE_DITHER_MASK_FOR_ALPHABLENDED_SHADOWS UNITY_PBS_USE_BRDF1 UNITY_SPECCUBE_BOX_PROJECTION UNITY_SPECCUBE_BLENDING UNITY_ENABLE_DETAIL_NORMALMAP SHADER_API_DESKTOP UNITY_LIGHT_PROBE_PROXY_VOLUME UNITY_LIGHTMAP_FULL_HDR ok=1
